# JRE version: OpenJDK Runtime Environment (21.0.6) (build 21.0.6+-13391695-b895.109)
# Java VM: OpenJDK 64-Bit Server VM (21.0.6+-13391695-b895.109, mixed mode, tiered, compressed oops, compressed class ptrs, g1 gc, windows-amd64)
GC Precious Log:
 CardTable entry size: 512
 Card Set container configuration: InlinePtr #cards 5 size 8 Array Of Cards #cards 12 size 40 Howl #buckets 4 coarsen threshold 1843 Howl Bitmap #cards 512 size 80 coarsen threshold 460 Card regions per heap region 1 cards per card region 2048
 CPUs: 4 total, 4 available
 Memory: 4017M
 Large Page Support: Disabled
 NUMA Support: Disabled
 Compressed Oops: Enabled (32-bit)
 Heap Region Size: 1M
 Heap Min Capacity: 8M
 Heap Initial Capacity: 64M
 Heap Max Capacity: 2G
 Pre-touch: Disabled
 Parallel Workers: 4
 Concurrent Workers: 1
 Concurrent Refinement Workers: 4
 Periodic GC: Disabled
Heap:
 garbage-first heap   total 339968K, used 246784K [0x0000000080000000, 0x0000000100000000)
  region size 1024K, 11 young (11264K), 8 survivors (8192K)
 Metaspace       used 137788K, committed 140416K, reserved 557056K
  class space    used 18568K, committed 19904K, reserved 425984K
GC Heap History (20 events):
Event: 67.685 GC heap before
{Heap before GC invocations=56 (full 0):
 garbage-first heap   total 226304K, used 204548K [0x0000000080000000, 0x0000000100000000)
  region size 1024K, 59 young (60416K), 4 survivors (4096K)
 Metaspace       used 124600K, committed 127104K, reserved 557056K
  class space    used 17028K, committed 18240K, reserved 425984K
}
Event: 67.703 GC heap after
{Heap after GC invocations=57 (full 0):
 garbage-first heap   total 226304K, used 152099K [0x0000000080000000, 0x0000000100000000)
  region size 1024K, 6 young (6144K), 6 survivors (6144K)
 Metaspace       used 124600K, committed 127104K, reserved 557056K
  class space    used 17028K, committed 18240K, reserved 425984K
}
Event: 70.887 GC heap before
{Heap before GC invocations=58 (full 0):
 garbage-first heap   total 261120K, used 208419K [0x0000000080000000, 0x0000000100000000)
  region size 1024K, 58 young (59392K), 6 survivors (6144K)
 Metaspace       used 125217K, committed 127872K, reserved 557056K
  class space    used 17115K, committed 18432K, reserved 425984K
}
Event: 70.919 GC heap after
{Heap after GC invocations=59 (full 0):
 garbage-first heap   total 261120K, used 165888K [0x0000000080000000, 0x0000000100000000)
  region size 1024K, 8 young (8192K), 8 survivors (8192K)
 Metaspace       used 125217K, committed 127872K, reserved 557056K
  class space    used 17115K, committed 18432K, reserved 425984K
}
Event: 73.050 GC heap before
{Heap before GC invocations=59 (full 0):
 garbage-first heap   total 261120K, used 229376K [0x0000000080000000, 0x0000000100000000)
  region size 1024K, 70 young (71680K), 8 survivors (8192K)
 Metaspace       used 129661K, committed 132288K, reserved 557056K
  class space    used 17781K, committed 19072K, reserved 425984K
}
Event: 73.087 GC heap after
{Heap after GC invocations=60 (full 0):
 garbage-first heap   total 261120K, used 166812K [0x0000000080000000, 0x0000000100000000)
  region size 1024K, 4 young (4096K), 4 survivors (4096K)
 Metaspace       used 129661K, committed 132288K, reserved 557056K
  class space    used 17781K, committed 19072K, reserved 425984K
}
Event: 77.194 GC heap before
{Heap before GC invocations=60 (full 0):
 garbage-first heap   total 261120K, used 232348K [0x0000000080000000, 0x0000000100000000)
  region size 1024K, 68 young (69632K), 4 survivors (4096K)
 Metaspace       used 132663K, committed 135296K, reserved 557056K
  class space    used 18119K, committed 19392K, reserved 425984K
}
Event: 77.236 GC heap after
{Heap after GC invocations=61 (full 0):
 garbage-first heap   total 261120K, used 174485K [0x0000000080000000, 0x0000000100000000)
  region size 1024K, 9 young (9216K), 9 survivors (9216K)
 Metaspace       used 132663K, committed 135296K, reserved 557056K
  class space    used 18119K, committed 19392K, reserved 425984K
}
Event: 80.433 GC heap before
{Heap before GC invocations=62 (full 0):
 garbage-first heap   total 291840K, used 235925K [0x0000000080000000, 0x0000000100000000)
  region size 1024K, 69 young (70656K), 9 survivors (9216K)
 Metaspace       used 133848K, committed 136448K, reserved 557056K
  class space    used 18251K, committed 19520K, reserved 425984K
}
Event: 80.478 GC heap after
{Heap after GC invocations=63 (full 0):
 garbage-first heap   total 291840K, used 182450K [0x0000000080000000, 0x0000000100000000)
  region size 1024K, 8 young (8192K), 8 survivors (8192K)
 Metaspace       used 133848K, committed 136448K, reserved 557056K
  class space    used 18251K, committed 19520K, reserved 425984K
}
Event: 83.075 GC heap before
{Heap before GC invocations=63 (full 0):
 garbage-first heap   total 291840K, used 258226K [0x0000000080000000, 0x0000000100000000)
  region size 1024K, 83 young (84992K), 8 survivors (8192K)
 Metaspace       used 134340K, committed 136960K, reserved 557056K
  class space    used 18311K, committed 19584K, reserved 425984K
}
Event: 83.126 GC heap after
{Heap after GC invocations=64 (full 0):
 garbage-first heap   total 291840K, used 185564K [0x0000000080000000, 0x0000000100000000)
  region size 1024K, 6 young (6144K), 6 survivors (6144K)
 Metaspace       used 134340K, committed 136960K, reserved 557056K
  class space    used 18311K, committed 19584K, reserved 425984K
}
Event: 84.697 GC heap before
{Heap before GC invocations=64 (full 0):
 garbage-first heap   total 291840K, used 261340K [0x0000000080000000, 0x0000000100000000)
  region size 1024K, 81 young (82944K), 6 survivors (6144K)
 Metaspace       used 134352K, committed 136960K, reserved 557056K
  class space    used 18311K, committed 19584K, reserved 425984K
}
Event: 84.722 GC heap after
{Heap after GC invocations=65 (full 0):
 garbage-first heap   total 291840K, used 188285K [0x0000000080000000, 0x0000000100000000)
  region size 1024K, 8 young (8192K), 8 survivors (8192K)
 Metaspace       used 134352K, committed 136960K, reserved 557056K
  class space    used 18311K, committed 19584K, reserved 425984K
}
Event: 89.879 GC heap before
{Heap before GC invocations=66 (full 0):
 garbage-first heap   total 314368K, used 270205K [0x0000000080000000, 0x0000000100000000)
  region size 1024K, 84 young (86016K), 8 survivors (8192K)
 Metaspace       used 136879K, committed 139456K, reserved 557056K
  class space    used 18495K, committed 19776K, reserved 425984K
}
Event: 89.914 GC heap after
{Heap after GC invocations=67 (full 0):
 garbage-first heap   total 314368K, used 195007K [0x0000000080000000, 0x0000000100000000)
  region size 1024K, 11 young (11264K), 11 survivors (11264K)
 Metaspace       used 136879K, committed 139456K, reserved 557056K
  class space    used 18495K, committed 19776K, reserved 425984K
}
Event: 94.024 GC heap before
{Heap before GC invocations=67 (full 0):
 garbage-first heap   total 314368K, used 298431K [0x0000000080000000, 0x0000000100000000)
  region size 1024K, 97 young (99328K), 11 survivors (11264K)
 Metaspace       used 137755K, committed 140416K, reserved 557056K
  class space    used 18565K, committed 19904K, reserved 425984K
}
Event: 94.114 GC heap after
{Heap after GC invocations=68 (full 0):
 garbage-first heap   total 339968K, used 220672K [0x0000000080000000, 0x0000000100000000)
  region size 1024K, 13 young (13312K), 13 survivors (13312K)
 Metaspace       used 137755K, committed 140416K, reserved 557056K
  class space    used 18565K, committed 19904K, reserved 425984K
}
Event: 95.286 GC heap before
{Heap before GC invocations=68 (full 0):
 garbage-first heap   total 339968K, used 236032K [0x0000000080000000, 0x0000000100000000)
  region size 1024K, 30 young (30720K), 13 survivors (13312K)
 Metaspace       used 137788K, committed 140416K, reserved 557056K
  class space    used 18568K, committed 19904K, reserved 425984K
}
Event: 95.352 GC heap after
{Heap after GC invocations=69 (full 0):
 garbage-first heap   total 339968K, used 229376K [0x0000000080000000, 0x0000000100000000)
  region size 1024K, 8 young (8192K), 8 survivors (8192K)
 Metaspace       used 137788K, committed 140416K, reserved 557056K
  class space    used 18568K, committed 19904K, reserved 425984K
}

