# JRE version: OpenJDK Runtime Environment (21.0.6) (build 21.0.6+-13391695-b895.109)
# Java VM: OpenJDK 64-Bit Server VM (21.0.6+-13391695-b895.109, mixed mode, tiered, compressed oops, compressed class ptrs, g1 gc, windows-amd64)
GC Precious Log:
 CardTable entry size: 512
 Card Set container configuration: InlinePtr #cards 5 size 8 Array Of Cards #cards 12 size 40 Howl #buckets 4 coarsen threshold 1843 Howl Bitmap #cards 512 size 80 coarsen threshold 460 Card regions per heap region 1 cards per card region 2048
 CPUs: 4 total, 4 available
 Memory: 4017M
 Large Page Support: Disabled
 NUMA Support: Disabled
 Compressed Oops: Enabled (32-bit)
 Heap Region Size: 1M
 Heap Min Capacity: 8M
 Heap Initial Capacity: 64M
 Heap Max Capacity: 2G
 Pre-touch: Disabled
 Parallel Workers: 4
 Concurrent Workers: 1
 Concurrent Refinement Workers: 4
 Periodic GC: Disabled
Heap:
 garbage-first heap   total 359424K, used 285046K [0x0000000080000000, 0x0000000100000000)
  region size 1024K, 101 young (103424K), 6 survivors (6144K)
 Metaspace       used 134794K, committed 137472K, reserved 557056K
  class space    used 18378K, committed 19712K, reserved 425984K
GC Heap History (20 events):
Event: 56.777 GC heap before
{Heap before GC invocations=52 (full 0):
 garbage-first heap   total 246784K, used 222471K [0x0000000080000000, 0x0000000100000000)
  region size 1024K, 114 young (116736K), 10 survivors (10240K)
 Metaspace       used 124047K, committed 126528K, reserved 557056K
  class space    used 16951K, committed 18240K, reserved 425984K
}
Event: 56.834 GC heap after
{Heap after GC invocations=53 (full 0):
 garbage-first heap   total 246784K, used 128484K [0x0000000080000000, 0x0000000100000000)
  region size 1024K, 15 young (15360K), 15 survivors (15360K)
 Metaspace       used 124047K, committed 126528K, reserved 557056K
  class space    used 16951K, committed 18240K, reserved 425984K
}
Event: 58.070 GC heap before
{Heap before GC invocations=53 (full 0):
 garbage-first heap   total 246784K, used 216548K [0x0000000080000000, 0x0000000100000000)
  region size 1024K, 102 young (104448K), 15 survivors (15360K)
 Metaspace       used 124056K, committed 126528K, reserved 557056K
  class space    used 16952K, committed 18240K, reserved 425984K
}
Event: 58.135 GC heap after
{Heap after GC invocations=54 (full 0):
 garbage-first heap   total 246784K, used 132882K [0x0000000080000000, 0x0000000100000000)
  region size 1024K, 6 young (6144K), 6 survivors (6144K)
 Metaspace       used 124056K, committed 126528K, reserved 557056K
  class space    used 16952K, committed 18240K, reserved 425984K
}
Event: 61.485 GC heap before
{Heap before GC invocations=55 (full 0):
 garbage-first heap   total 246784K, used 229138K [0x0000000080000000, 0x0000000100000000)
  region size 1024K, 96 young (98304K), 6 survivors (6144K)
 Metaspace       used 124541K, committed 127104K, reserved 557056K
  class space    used 17027K, committed 18304K, reserved 425984K
}
Event: 61.517 GC heap after
{Heap after GC invocations=56 (full 0):
 garbage-first heap   total 248832K, used 148992K [0x0000000080000000, 0x0000000100000000)
  region size 1024K, 12 young (12288K), 12 survivors (12288K)
 Metaspace       used 124541K, committed 127104K, reserved 557056K
  class space    used 17027K, committed 18304K, reserved 425984K
}
Event: 62.310 GC heap before
{Heap before GC invocations=56 (full 0):
 garbage-first heap   total 248832K, used 221696K [0x0000000080000000, 0x0000000100000000)
  region size 1024K, 84 young (86016K), 12 survivors (12288K)
 Metaspace       used 124541K, committed 127104K, reserved 557056K
  class space    used 17027K, committed 18304K, reserved 425984K
}
Event: 62.341 GC heap after
{Heap after GC invocations=57 (full 0):
 garbage-first heap   total 248832K, used 151552K [0x0000000080000000, 0x0000000100000000)
  region size 1024K, 4 young (4096K), 4 survivors (4096K)
 Metaspace       used 124541K, committed 127104K, reserved 557056K
  class space    used 17027K, committed 18304K, reserved 425984K
}
Event: 63.660 GC heap before
{Heap before GC invocations=57 (full 0):
 garbage-first heap   total 248832K, used 192512K [0x0000000080000000, 0x0000000100000000)
  region size 1024K, 45 young (46080K), 4 survivors (4096K)
 Metaspace       used 124594K, committed 127168K, reserved 557056K
  class space    used 17032K, committed 18304K, reserved 425984K
}
Event: 63.674 GC heap after
{Heap after GC invocations=58 (full 0):
 garbage-first heap   total 248832K, used 153600K [0x0000000080000000, 0x0000000100000000)
  region size 1024K, 6 young (6144K), 6 survivors (6144K)
 Metaspace       used 124594K, committed 127168K, reserved 557056K
  class space    used 17032K, committed 18304K, reserved 425984K
}
Event: 66.737 GC heap before
{Heap before GC invocations=59 (full 0):
 garbage-first heap   total 263168K, used 231424K [0x0000000080000000, 0x0000000100000000)
  region size 1024K, 79 young (80896K), 6 survivors (6144K)
 Metaspace       used 126139K, committed 128704K, reserved 557056K
  class space    used 17258K, committed 18560K, reserved 425984K
}
Event: 66.775 GC heap after
{Heap after GC invocations=60 (full 0):
 garbage-first heap   total 263168K, used 168837K [0x0000000080000000, 0x0000000100000000)
  region size 1024K, 10 young (10240K), 10 survivors (10240K)
 Metaspace       used 126139K, committed 128704K, reserved 557056K
  class space    used 17258K, committed 18560K, reserved 425984K
}
Event: 70.477 GC heap before
{Heap before GC invocations=60 (full 0):
 garbage-first heap   total 263168K, used 238469K [0x0000000080000000, 0x0000000100000000)
  region size 1024K, 78 young (79872K), 10 survivors (10240K)
 Metaspace       used 130787K, committed 133504K, reserved 557056K
  class space    used 17902K, committed 19264K, reserved 425984K
}
Event: 70.565 GC heap after
{Heap after GC invocations=61 (full 0):
 garbage-first heap   total 263168K, used 171712K [0x0000000080000000, 0x0000000100000000)
  region size 1024K, 6 young (6144K), 6 survivors (6144K)
 Metaspace       used 130787K, committed 133504K, reserved 557056K
  class space    used 17902K, committed 19264K, reserved 425984K
}
Event: 73.243 GC heap before
{Heap before GC invocations=61 (full 0):
 garbage-first heap   total 263168K, used 240320K [0x0000000080000000, 0x0000000100000000)
  region size 1024K, 73 young (74752K), 6 survivors (6144K)
 Metaspace       used 133271K, committed 135872K, reserved 557056K
  class space    used 18189K, committed 19520K, reserved 425984K
}
Event: 73.282 GC heap after
{Heap after GC invocations=62 (full 0):
 garbage-first heap   total 263168K, used 179200K [0x0000000080000000, 0x0000000100000000)
  region size 1024K, 10 young (10240K), 10 survivors (10240K)
 Metaspace       used 133271K, committed 135872K, reserved 557056K
  class space    used 18189K, committed 19520K, reserved 425984K
}
Event: 77.500 GC heap before
{Heap before GC invocations=63 (full 0):
 garbage-first heap   total 299008K, used 236544K [0x0000000080000000, 0x0000000100000000)
  region size 1024K, 66 young (67584K), 10 survivors (10240K)
 Metaspace       used 134371K, committed 137024K, reserved 557056K
  class space    used 18316K, committed 19648K, reserved 425984K
}
Event: 77.584 GC heap after
{Heap after GC invocations=64 (full 0):
 garbage-first heap   total 299008K, used 187629K [0x0000000080000000, 0x0000000100000000)
  region size 1024K, 8 young (8192K), 8 survivors (8192K)
 Metaspace       used 134371K, committed 137024K, reserved 557056K
  class space    used 18316K, committed 19648K, reserved 425984K
}
Event: 78.872 GC heap before
{Heap before GC invocations=64 (full 0):
 garbage-first heap   total 299008K, used 268525K [0x0000000080000000, 0x0000000100000000)
  region size 1024K, 87 young (89088K), 8 survivors (8192K)
 Metaspace       used 134372K, committed 137024K, reserved 557056K
  class space    used 18316K, committed 19648K, reserved 425984K
}
Event: 78.920 GC heap after
{Heap after GC invocations=65 (full 0):
 garbage-first heap   total 359424K, used 188790K [0x0000000080000000, 0x0000000100000000)
  region size 1024K, 6 young (6144K), 6 survivors (6144K)
 Metaspace       used 134372K, committed 137024K, reserved 557056K
  class space    used 18316K, committed 19648K, reserved 425984K
}

