# JRE version: OpenJDK Runtime Environment (21.0.6) (build 21.0.6+-13391695-b895.109)
# Java VM: OpenJDK 64-Bit Server VM (21.0.6+-13391695-b895.109, mixed mode, tiered, compressed oops, compressed class ptrs, g1 gc, windows-amd64)
GC Precious Log:
 CardTable entry size: 512
 Card Set container configuration: InlinePtr #cards 5 size 8 Array Of Cards #cards 12 size 40 Howl #buckets 4 coarsen threshold 1843 Howl Bitmap #cards 512 size 80 coarsen threshold 460 Card regions per heap region 1 cards per card region 2048
 CPUs: 4 total, 4 available
 Memory: 4017M
 Large Page Support: Disabled
 NUMA Support: Disabled
 Compressed Oops: Enabled (32-bit)
 Heap Region Size: 1M
 Heap Min Capacity: 8M
 Heap Initial Capacity: 64M
 Heap Max Capacity: 2G
 Pre-touch: Disabled
 Parallel Workers: 4
 Concurrent Workers: 1
 Concurrent Refinement Workers: 4
 Periodic GC: Disabled
Heap:
 garbage-first heap   total 353280K, used 275456K [0x0000000080000000, 0x0000000100000000)
  region size 1024K, 45 young (46080K), 10 survivors (10240K)
 Metaspace       used 138410K, committed 141056K, reserved 557056K
  class space    used 18658K, committed 19968K, reserved 425984K
GC Heap History (20 events):
Event: 72.199 GC heap before
{Heap before GC invocations=60 (full 0):
 garbage-first heap   total 232448K, used 207582K [0x0000000080000000, 0x0000000100000000)
  region size 1024K, 71 young (72704K), 10 survivors (10240K)
 Metaspace       used 124603K, committed 127168K, reserved 557056K
  class space    used 17040K, committed 18304K, reserved 425984K
}
Event: 72.227 GC heap after
{Heap after GC invocations=61 (full 0):
 garbage-first heap   total 232448K, used 149099K [0x0000000080000000, 0x0000000100000000)
  region size 1024K, 4 young (4096K), 4 survivors (4096K)
 Metaspace       used 124603K, committed 127168K, reserved 557056K
  class space    used 17040K, committed 18304K, reserved 425984K
}
Event: 72.728 GC heap before
{Heap before GC invocations=61 (full 0):
 garbage-first heap   total 232448K, used 183915K [0x0000000080000000, 0x0000000100000000)
  region size 1024K, 40 young (40960K), 4 survivors (4096K)
 Metaspace       used 124656K, committed 127232K, reserved 557056K
  class space    used 17045K, committed 18304K, reserved 425984K
}
Event: 72.742 GC heap after
{Heap after GC invocations=62 (full 0):
 garbage-first heap   total 279552K, used 150538K [0x0000000080000000, 0x0000000100000000)
  region size 1024K, 6 young (6144K), 6 survivors (6144K)
 Metaspace       used 124656K, committed 127232K, reserved 557056K
  class space    used 17045K, committed 18304K, reserved 425984K
}
Event: 74.858 GC heap before
{Heap before GC invocations=62 (full 0):
 garbage-first heap   total 279552K, used 241674K [0x0000000080000000, 0x0000000100000000)
  region size 1024K, 91 young (93184K), 6 survivors (6144K)
 Metaspace       used 127196K, committed 129792K, reserved 557056K
  class space    used 17411K, committed 18688K, reserved 425984K
}
Event: 74.895 GC heap after
{Heap after GC invocations=63 (full 0):
 garbage-first heap   total 279552K, used 166068K [0x0000000080000000, 0x0000000100000000)
  region size 1024K, 12 young (12288K), 12 survivors (12288K)
 Metaspace       used 127196K, committed 129792K, reserved 557056K
  class space    used 17411K, committed 18688K, reserved 425984K
}
Event: 76.789 GC heap before
{Heap before GC invocations=63 (full 0):
 garbage-first heap   total 279552K, used 245940K [0x0000000080000000, 0x0000000100000000)
  region size 1024K, 90 young (92160K), 12 survivors (12288K)
 Metaspace       used 132200K, committed 134784K, reserved 557056K
  class space    used 18063K, committed 19328K, reserved 425984K
}
Event: 76.827 GC heap after
{Heap after GC invocations=64 (full 0):
 garbage-first heap   total 279552K, used 173476K [0x0000000080000000, 0x0000000100000000)
  region size 1024K, 7 young (7168K), 7 survivors (7168K)
 Metaspace       used 132200K, committed 134784K, reserved 557056K
  class space    used 18063K, committed 19328K, reserved 425984K
}
Event: 78.469 GC heap before
{Heap before GC invocations=64 (full 0):
 garbage-first heap   total 279552K, used 251300K [0x0000000080000000, 0x0000000100000000)
  region size 1024K, 83 young (84992K), 7 survivors (7168K)
 Metaspace       used 133984K, committed 136576K, reserved 557056K
  class space    used 18267K, committed 19520K, reserved 425984K
}
Event: 78.510 GC heap after
{Heap after GC invocations=65 (full 0):
 garbage-first heap   total 279552K, used 183764K [0x0000000080000000, 0x0000000100000000)
  region size 1024K, 10 young (10240K), 10 survivors (10240K)
 Metaspace       used 133984K, committed 136576K, reserved 557056K
  class space    used 18267K, committed 19520K, reserved 425984K
}
Event: 80.675 GC heap before
{Heap before GC invocations=66 (full 0):
 garbage-first heap   total 307200K, used 252372K [0x0000000080000000, 0x0000000100000000)
  region size 1024K, 78 young (79872K), 10 survivors (10240K)
 Metaspace       used 134482K, committed 137088K, reserved 557056K
  class space    used 18329K, committed 19584K, reserved 425984K
}
Event: 80.712 GC heap after
{Heap after GC invocations=67 (full 0):
 garbage-first heap   total 307200K, used 189293K [0x0000000080000000, 0x0000000100000000)
  region size 1024K, 6 young (6144K), 6 survivors (6144K)
 Metaspace       used 134482K, committed 137088K, reserved 557056K
  class space    used 18329K, committed 19584K, reserved 425984K
}
Event: 81.933 GC heap before
{Heap before GC invocations=67 (full 0):
 garbage-first heap   total 307200K, used 275309K [0x0000000080000000, 0x0000000100000000)
  region size 1024K, 90 young (92160K), 6 survivors (6144K)
 Metaspace       used 134491K, committed 137088K, reserved 557056K
  class space    used 18330K, committed 19584K, reserved 425984K
}
Event: 81.962 GC heap after
{Heap after GC invocations=68 (full 0):
 garbage-first heap   total 307200K, used 189254K [0x0000000080000000, 0x0000000100000000)
  region size 1024K, 8 young (8192K), 8 survivors (8192K)
 Metaspace       used 134491K, committed 137088K, reserved 557056K
  class space    used 18330K, committed 19584K, reserved 425984K
}
Event: 89.771 GC heap before
{Heap before GC invocations=68 (full 0):
 garbage-first heap   total 307200K, used 281414K [0x0000000080000000, 0x0000000100000000)
  region size 1024K, 94 young (96256K), 8 survivors (8192K)
 Metaspace       used 137270K, committed 139904K, reserved 557056K
  class space    used 18552K, committed 19840K, reserved 425984K
}
Event: 89.836 GC heap after
{Heap after GC invocations=69 (full 0):
 garbage-first heap   total 307200K, used 198586K [0x0000000080000000, 0x0000000100000000)
  region size 1024K, 12 young (12288K), 12 survivors (12288K)
 Metaspace       used 137270K, committed 139904K, reserved 557056K
  class space    used 18552K, committed 19840K, reserved 425984K
}
Event: 90.146 GC heap before
{Heap before GC invocations=69 (full 0):
 garbage-first heap   total 307200K, used 199610K [0x0000000080000000, 0x0000000100000000)
  region size 1024K, 15 young (15360K), 12 survivors (12288K)
 Metaspace       used 137275K, committed 139904K, reserved 557056K
  class space    used 18552K, committed 19840K, reserved 425984K
}
Event: 90.178 GC heap after
{Heap after GC invocations=70 (full 0):
 garbage-first heap   total 307200K, used 201907K [0x0000000080000000, 0x0000000100000000)
  region size 1024K, 3 young (3072K), 3 survivors (3072K)
 Metaspace       used 137275K, committed 139904K, reserved 557056K
  class space    used 18552K, committed 19840K, reserved 425984K
}
Event: 97.377 GC heap before
{Heap before GC invocations=71 (full 0):
 garbage-first heap   total 353280K, used 289971K [0x0000000080000000, 0x0000000100000000)
  region size 1024K, 74 young (75776K), 3 survivors (3072K)
 Metaspace       used 137917K, committed 140608K, reserved 557056K
  class space    used 18603K, committed 19904K, reserved 425984K
}
Event: 97.473 GC heap after
{Heap after GC invocations=72 (full 0):
 garbage-first heap   total 353280K, used 225280K [0x0000000080000000, 0x0000000100000000)
  region size 1024K, 10 young (10240K), 10 survivors (10240K)
 Metaspace       used 137917K, committed 140608K, reserved 557056K
  class space    used 18603K, committed 19904K, reserved 425984K
}

